<?xml version="1.0" encoding="UTF-8"?>
<testsuite errors="0" failures="0" hostname="iMac.home" name="org.jnorthr.menus.TestBottomBorder" tests="4" time="1.555" timestamp="2013-04-20T16:22:17">
  <properties />
  <testcase classname="org.jnorthr.menus.TestBottomBorder" name="test1" time="0.654" />
  <testcase classname="org.jnorthr.menus.TestBottomBorder" name="test2" time="0.042" />
  <testcase classname="org.jnorthr.menus.TestBottomBorder" name="test3" time="0.22" />
  <testcase classname="org.jnorthr.menus.TestBottomBorder" name="test4" time="0.056" />
  <system-out><![CDATA[]]></system-out>
  <system-err><![CDATA[Apr 20, 2013 6:22:18 PM org.jnorthr.menus.TestBottomBorder setUp
INFO: ... started TestBottomBorder
Apr 20, 2013 6:22:18 PM org.jnorthr.menus.TestBottomBorder test1
INFO: ... test1 ok - not null and opaque=false
Apr 20, 2013 6:22:18 PM org.jnorthr.menus.TestBottomBorder setUp
INFO: ... started TestBottomBorder
Apr 20, 2013 6:22:18 PM org.jnorthr.menus.TestBottomBorder test2
INFO: ... test2 ok - not null, thickness=2, gap=2
Apr 20, 2013 6:22:18 PM org.jnorthr.menus.TestBottomBorder setUp
INFO: ... started TestBottomBorder
Apr 20, 2013 6:22:18 PM org.jnorthr.menus.TestBottomBorder test3
INFO: ... test3 ok - not null, thickness=3, gap=7
Apr 20, 2013 6:22:18 PM org.jnorthr.menus.TestBottomBorder setUp
INFO: ... started TestBottomBorder
Apr 20, 2013 6:22:18 PM org.jnorthr.menus.TestBottomBorder test4
INFO: ... test4 ok - color:java.awt.Color[r=0,g=0,b=255]
]]></system-err>
</testsuite>
