<?xml version="1.0" encoding="UTF-8"?>
<testsuite errors="0" failures="0" hostname="iMac.home" name="org.jnorthr.samples.MathOpTest" tests="2" time="0.021" timestamp="2013-04-22T20:38:09">
  <properties />
  <testcase classname="org.jnorthr.samples.MathOpTest" name="testAdd" time="0.01" />
  <testcase classname="org.jnorthr.samples.MathOpTest" name="testSub" time="0.0020" />
  <system-out><![CDATA[]]></system-out>
  <system-err><![CDATA[]]></system-err>
</testsuite>
