<?xml version="1.0" encoding="UTF-8"?>
<testsuite errors="0" failures="0" hostname="redapple.home" name="org.jnorthr.menus.TestBottomBorder" tests="4" time="0.388" timestamp="2013-04-21T22:28:11">
  <properties />
  <testcase classname="org.jnorthr.menus.TestBottomBorder" name="test1" time="0.279" />
  <testcase classname="org.jnorthr.menus.TestBottomBorder" name="test2" time="0.0010" />
  <testcase classname="org.jnorthr.menus.TestBottomBorder" name="test3" time="0.0" />
  <testcase classname="org.jnorthr.menus.TestBottomBorder" name="test4" time="0.0" />
  <system-out><![CDATA[]]></system-out>
  <system-err><![CDATA[]]></system-err>
</testsuite>
