<?xml version="1.0" encoding="UTF-8"?>
<testsuite errors="0" failures="0" hostname="iMac.home" name="org.jnorthr.menus.TestMenuFile" tests="5" time="8.053" timestamp="2013-04-21T20:01:26">
  <properties />
  <testcase classname="org.jnorthr.menus.TestMenuFile" name="test1" time="0.502" />
  <testcase classname="org.jnorthr.menus.TestMenuFile" name="test2" time="1.151" />
  <testcase classname="org.jnorthr.menus.TestMenuFile" name="test3" time="0.098" />
  <testcase classname="org.jnorthr.menus.TestMenuFile" name="test4" time="0.029" />
  <testcase classname="org.jnorthr.menus.TestMenuFile" name="test5" time="0.225" />
  <system-out><![CDATA[file jim.txt exists
file jim.txt exists
file jim.txt exists
file ./jim.txt exists
]]></system-out>
  <system-err><![CDATA[Apr 21, 2013 10:01:32 PM java_util_logging_Logger$info call
INFO: ... started a test of TestMenuFile
Apr 21, 2013 10:01:32 PM java_util_logging_Logger$info call
INFO: ... MenuFile test1 ok
Apr 21, 2013 10:01:32 PM java_util_logging_Logger$info call
INFO: ... started a test of TestMenuFile
Apr 21, 2013 10:01:34 PM java_util_logging_Logger$info call
INFO: ... MenuFile test2 ok
Apr 21, 2013 10:01:34 PM java_util_logging_Logger$info call
INFO: ... started a test of TestMenuFile
Apr 21, 2013 10:01:34 PM java_util_logging_Logger$info call
INFO: ... MenuFile test3 ok
Apr 21, 2013 10:01:34 PM java_util_logging_Logger$info call
INFO: ... started a test of TestMenuFile
Apr 21, 2013 10:01:34 PM java_util_logging_Logger$info call
INFO: ... MenuFile test4 ok
Apr 21, 2013 10:01:34 PM java_util_logging_Logger$info call
INFO: ... started a test of TestMenuFile
Apr 21, 2013 10:01:34 PM java_util_logging_Logger$info call
INFO: ... MenuFile test5 ok
]]></system-err>
</testsuite>
