<?xml version="1.0" encoding="UTF-8"?>
<testsuite errors="0" failures="0" hostname="iMac.home" name="org.jnorthr.menus.support.TestSearch" tests="2" time="1.556" timestamp="2013-04-20T16:36:11">
  <properties />
  <testcase classname="org.jnorthr.menus.support.TestSearch" name="test1" time="0.935" />
  <testcase classname="org.jnorthr.menus.support.TestSearch" name="test2" time="0.591" />
  <system-out><![CDATA[Dir /Volumes/Media1/Backups/DuracellUSBKey2/Menus/data
   File /Volumes/Media1/Backups/DuracellUSBKey2/Menus/data/cherokee.txt  ------------
   File /Volumes/Media1/Backups/DuracellUSBKey2/Menus/data/fred.txt  ------------
   File /Volumes/Media1/Backups/DuracellUSBKey2/Menus/data/github.txt  ------------
   File /Volumes/Media1/Backups/DuracellUSBKey2/Menus/data/glassfish.txt  ------------
   File /Volumes/Media1/Backups/DuracellUSBKey2/Menus/data/grails.txt  ------------
   File /Volumes/Media1/Backups/DuracellUSBKey2/Menus/data/gretty.txt  ------------
   File /Volumes/Media1/Backups/DuracellUSBKey2/Menus/data/groovy.txt  ------------
   File /Volumes/Media1/Backups/DuracellUSBKey2/Menus/data/help.txt  ------------
   File /Volumes/Media1/Backups/DuracellUSBKey2/Menus/data/help2.txt.old.txt  ------------
   File /Volumes/Media1/Backups/DuracellUSBKey2/Menus/data/html.txt  ------------
   File /Volumes/Media1/Backups/DuracellUSBKey2/Menus/data/ibm.txt  ------------
   File /Volumes/Media1/Backups/DuracellUSBKey2/Menus/data/java.txt  ------------
   File /Volumes/Media1/Backups/DuracellUSBKey2/Menus/data/jetty.txt  ------------
   File /Volumes/Media1/Backups/DuracellUSBKey2/Menus/data/jim.txt  ------------
   File /Volumes/Media1/Backups/DuracellUSBKey2/Menus/data/leanne.txt  ------------
   File /Volumes/Media1/Backups/DuracellUSBKey2/Menus/data/links.txt  ------------
   File /Volumes/Media1/Backups/DuracellUSBKey2/Menus/data/links2.txt  ------------
   File /Volumes/Media1/Backups/DuracellUSBKey2/Menus/data/main.txt  ------------
   File /Volumes/Media1/Backups/DuracellUSBKey2/Menus/data/menu.txt  ------------
   File /Volumes/Media1/Backups/DuracellUSBKey2/Menus/data/network.txt  ------------
   File /Volumes/Media1/Backups/DuracellUSBKey2/Menus/data/play.txt  ------------
   File /Volumes/Media1/Backups/DuracellUSBKey2/Menus/data/stylesheets.txt  ------------
   File /Volumes/Media1/Backups/DuracellUSBKey2/Menus/data/windows.txt  ------------

... writing list of menus to /Volumes/Media1/Backups/DuracellUSBKey2/Menus/data/.menulist.txt
19 menus exist. Press F15 to review.
Dir /Volumes/Media1/Backups/DuracellUSBKey2/Menus/data
   File /Volumes/Media1/Backups/DuracellUSBKey2/Menus/data/cherokee.txt  ------------
   File /Volumes/Media1/Backups/DuracellUSBKey2/Menus/data/fred.txt  ------------
   File /Volumes/Media1/Backups/DuracellUSBKey2/Menus/data/github.txt  ------------
   File /Volumes/Media1/Backups/DuracellUSBKey2/Menus/data/glassfish.txt  ------------
   File /Volumes/Media1/Backups/DuracellUSBKey2/Menus/data/grails.txt  ------------
   File /Volumes/Media1/Backups/DuracellUSBKey2/Menus/data/gretty.txt  ------------
   File /Volumes/Media1/Backups/DuracellUSBKey2/Menus/data/groovy.txt  ------------
   File /Volumes/Media1/Backups/DuracellUSBKey2/Menus/data/help.txt  ------------
   File /Volumes/Media1/Backups/DuracellUSBKey2/Menus/data/help2.txt.old.txt  ------------
   File /Volumes/Media1/Backups/DuracellUSBKey2/Menus/data/html.txt  ------------
   File /Volumes/Media1/Backups/DuracellUSBKey2/Menus/data/ibm.txt  ------------
   File /Volumes/Media1/Backups/DuracellUSBKey2/Menus/data/java.txt  ------------
   File /Volumes/Media1/Backups/DuracellUSBKey2/Menus/data/jetty.txt  ------------
   File /Volumes/Media1/Backups/DuracellUSBKey2/Menus/data/jim.txt  ------------
   File /Volumes/Media1/Backups/DuracellUSBKey2/Menus/data/leanne.txt  ------------
   File /Volumes/Media1/Backups/DuracellUSBKey2/Menus/data/links.txt  ------------
   File /Volumes/Media1/Backups/DuracellUSBKey2/Menus/data/links2.txt  ------------
   File /Volumes/Media1/Backups/DuracellUSBKey2/Menus/data/main.txt  ------------
   File /Volumes/Media1/Backups/DuracellUSBKey2/Menus/data/menu.txt  ------------
   File /Volumes/Media1/Backups/DuracellUSBKey2/Menus/data/network.txt  ------------
   File /Volumes/Media1/Backups/DuracellUSBKey2/Menus/data/play.txt  ------------
   File /Volumes/Media1/Backups/DuracellUSBKey2/Menus/data/stylesheets.txt  ------------
   File /Volumes/Media1/Backups/DuracellUSBKey2/Menus/data/windows.txt  ------------

... writing list of menus to /Volumes/Media1/Backups/DuracellUSBKey2/Menus/data/.menulist.txt
19 menus exist. Press F15 to review.
]]></system-out>
  <system-err><![CDATA[Apr 20, 2013 6:36:11 PM java_util_logging_Logger$info call
INFO: ... started TestSearch
Apr 20, 2013 6:36:12 PM java_util_logging_Logger$info call
INFO: ... test1 ok - Search not null
Apr 20, 2013 6:36:12 PM java_util_logging_Logger$info call
INFO: ... started TestSearch
Apr 20, 2013 6:36:13 PM java_util_logging_Logger$info call
INFO: ... test2 ok - Search created list of menus
]]></system-err>
</testsuite>
