<?xml version="1.0" encoding="UTF-8"?>
<testsuite errors="0" failures="0" hostname="redapple.home" name="org.jnorthr.menus.support.TestFontSupport" tests="2" time="5.233" timestamp="2013-04-21T22:28:12">
  <properties />
  <testcase classname="org.jnorthr.menus.support.TestFontSupport" name="test1" time="4.513" />
  <testcase classname="org.jnorthr.menus.support.TestFontSupport" name="test2" time="0.708" />
  <system-out><![CDATA[os name is usbkey
... FontSupport() set to use paths for usbkey
paths is set to use 'usbkey' paths of '/usr/share/fonts/truetype/freefont/'
the fontpath is '/usr/share/fonts/truetype/freefont/'
the monofontfilename is 'FreeMono.ttf'
the full font name is '/usr/share/fonts/truetype/freefont/FreeMono.ttf'
/usr/share/fonts/truetype/freefont/FreeMono.ttf was NOT found !
... FontSupport() end of constructor ...
os name is usbkey
... FontSupport() set to use paths for usbkey
paths is set to use 'usbkey' paths of '/usr/share/fonts/truetype/freefont/'
the fontpath is '/usr/share/fonts/truetype/freefont/'
the monofontfilename is 'FreeMono.ttf'
the full font name is '/usr/share/fonts/truetype/freefont/FreeMono.ttf'
/usr/share/fonts/truetype/freefont/FreeMono.ttf was NOT found !
... FontSupport() end of constructor ...
]]></system-out>
  <system-err><![CDATA[]]></system-err>
</testsuite>
