<?xml version="1.0" encoding="UTF-8"?>
<testsuite errors="0" failures="0" hostname="redapple.home" name="org.jnorthr.menus.TestMenuItem" tests="5" time="0.062" timestamp="2013-04-21T22:28:12">
  <properties />
  <testcase classname="org.jnorthr.menus.TestMenuItem" name="test1" time="0.035" />
  <testcase classname="org.jnorthr.menus.TestMenuItem" name="test2" time="0.0040" />
  <testcase classname="org.jnorthr.menus.TestMenuItem" name="test3" time="0.0050" />
  <testcase classname="org.jnorthr.menus.TestMenuItem" name="test4" time="0.0020" />
  <testcase classname="org.jnorthr.menus.TestMenuItem" name="test5" time="0.0050" />
  <system-out><![CDATA[menuKey=2  menuBIC=0  menuColumn=2   menuLine=2  menuColor=<Red>  menuShow=<true>  menuText=<Fred>  menuCommand=<echo 'fred was here'>  dialogTitle=<this is a title>  menuFileName=<filename>
== the end ==
]]></system-out>
  <system-err><![CDATA[]]></system-err>
</testsuite>
