<?xml version="1.0" encoding="UTF-8"?>
<testsuite errors="0" failures="0" hostname="iMac.home" name="org.jnorthr.samples.ArithmeticTest" tests="2" time="0.243" timestamp="2013-04-17T17:12:35">
  <properties />
  <testcase classname="org.jnorthr.samples.ArithmeticTest" name="additionIsWorking" time="0.011" />
  <testcase classname="org.jnorthr.samples.ArithmeticTest" name="divideByZero" time="0.057" />
  <system-out><![CDATA[]]></system-out>
  <system-err><![CDATA[]]></system-err>
</testsuite>
