<?xml version="1.0" encoding="UTF-8"?>
<testsuite errors="0" failures="0" hostname="iMac.home" name="org.jnorthr.menus.support.TestColorManager" tests="4" time="1.343" timestamp="2013-04-20T16:22:24">
  <properties />
  <testcase classname="org.jnorthr.menus.support.TestColorManager" name="test1" time="0.901" />
  <testcase classname="org.jnorthr.menus.support.TestColorManager" name="test2" time="0.204" />
  <testcase classname="org.jnorthr.menus.support.TestColorManager" name="test3" time="0.115" />
  <testcase classname="org.jnorthr.menus.support.TestColorManager" name="test4" time="0.045" />
  <system-out><![CDATA[]]></system-out>
  <system-err><![CDATA[Apr 20, 2013 6:22:24 PM org.jnorthr.menus.support.TestColorManager setUp
INFO: ... started TestColorManager
Apr 20, 2013 6:22:25 PM org.jnorthr.menus.support.TestColorManager test1
INFO: ... test1 ok - not null and opaque=false
Apr 20, 2013 6:22:25 PM org.jnorthr.menus.support.TestColorManager setUp
INFO: ... started TestColorManager
Apr 20, 2013 6:22:25 PM org.jnorthr.menus.support.TestColorManager test2
INFO: ... test2 ok - not null
Apr 20, 2013 6:22:25 PM org.jnorthr.menus.support.TestColorManager setUp
INFO: ... started TestColorManager
Apr 20, 2013 6:22:25 PM org.jnorthr.menus.support.TestColorManager test3
INFO: ... test3 ok - 
Apr 20, 2013 6:22:25 PM org.jnorthr.menus.support.TestColorManager setUp
INFO: ... started TestColorManager
Apr 20, 2013 6:22:25 PM org.jnorthr.menus.support.TestColorManager test4
INFO: ... test4 ok - 
]]></system-err>
</testsuite>
