<?xml version="1.0" encoding="UTF-8"?>
<testsuite errors="0" failures="0" hostname="iMac.home" name="org.jnorthr.menus.support.TestColorManager" tests="4" time="0.445" timestamp="2013-04-22T20:37:59">
  <properties />
  <testcase classname="org.jnorthr.menus.support.TestColorManager" name="test1" time="0.307" />
  <testcase classname="org.jnorthr.menus.support.TestColorManager" name="test2" time="0.029" />
  <testcase classname="org.jnorthr.menus.support.TestColorManager" name="test3" time="0.045" />
  <testcase classname="org.jnorthr.menus.support.TestColorManager" name="test4" time="0.026" />
  <system-out><![CDATA[]]></system-out>
  <system-err><![CDATA[]]></system-err>
</testsuite>
