<?xml version="1.0" encoding="UTF-8"?>
<testsuite errors="0" failures="0" hostname="iMac.home" name="org.jnorthr.menus.TestMenuItem" tests="5" time="0.796" timestamp="2013-04-17T17:12:22">
  <properties />
  <testcase classname="org.jnorthr.menus.TestMenuItem" name="test1" time="0.089" />
  <testcase classname="org.jnorthr.menus.TestMenuItem" name="test2" time="0.062" />
  <testcase classname="org.jnorthr.menus.TestMenuItem" name="test3" time="0.168" />
  <testcase classname="org.jnorthr.menus.TestMenuItem" name="test4" time="0.041" />
  <testcase classname="org.jnorthr.menus.TestMenuItem" name="test5" time="0.183" />
  <system-out><![CDATA[menuKey=2  menuBIC=0  menuColumn=2   menuLine=2  menuColor=<Red>  menuShow=<true>  menuText=<Fred>  menuCommand=<echo 'fred was here'>  dialogTitle=<this is a title>  menuFileName=<filename>
== the end ==
]]></system-out>
  <system-err><![CDATA[Apr 17, 2013 7:12:22 PM java_util_logging_Logger$info call
INFO: ... started a test
Apr 17, 2013 7:12:22 PM java_util_logging_Logger$info call
INFO: ... test1 ok
Apr 17, 2013 7:12:22 PM java_util_logging_Logger$info call
INFO: ... started a test
Apr 17, 2013 7:12:22 PM java_util_logging_Logger$info call
INFO: ... test2 ok
Apr 17, 2013 7:12:22 PM java_util_logging_Logger$info call
INFO: ... started a test
Apr 17, 2013 7:12:22 PM java_util_logging_Logger$info call
INFO: ... test3 ok
Apr 17, 2013 7:12:22 PM java_util_logging_Logger$info call
INFO: ... started a test
Apr 17, 2013 7:12:22 PM java_util_logging_Logger$info call
INFO: ... test4 ok
Apr 17, 2013 7:12:22 PM java_util_logging_Logger$info call
INFO: ... started a test
Apr 17, 2013 7:12:22 PM java_util_logging_Logger$info call
INFO: menuKey=2  menuBIC=0  menuColumn=2   menuLine=2  menuColor=<Red>  menuShow=<true>  menuText=<Fred>  menuCommand=<echo 'fred was here'>  dialogTitle=<this is a title>  menuFileName=<filename>
Apr 17, 2013 7:12:22 PM sun.reflect.NativeMethodAccessorImpl invoke0
INFO: ma size is 1 and has these menu items:
]]></system-err>
</testsuite>
