<?xml version="1.0" encoding="UTF-8"?>
<testsuite errors="0" failures="0" hostname="iMac.home" name="org.jnorthr.menus.support.TestColorManager" tests="4" time="1.491" timestamp="2013-04-22T18:58:25">
  <properties />
  <testcase classname="org.jnorthr.menus.support.TestColorManager" name="test1" time="1.091" />
  <testcase classname="org.jnorthr.menus.support.TestColorManager" name="test2" time="0.047" />
  <testcase classname="org.jnorthr.menus.support.TestColorManager" name="test3" time="0.25" />
  <testcase classname="org.jnorthr.menus.support.TestColorManager" name="test4" time="0.069" />
  <system-out><![CDATA[]]></system-out>
  <system-err><![CDATA[]]></system-err>
</testsuite>
