<?xml version="1.0" encoding="UTF-8"?>
<testsuite errors="0" failures="0" hostname="redapple.home" name="org.jnorthr.menus.support.TestColorManager" tests="4" time="0.205" timestamp="2013-04-21T22:28:12">
  <properties />
  <testcase classname="org.jnorthr.menus.support.TestColorManager" name="test1" time="0.159" />
  <testcase classname="org.jnorthr.menus.support.TestColorManager" name="test2" time="0.018" />
  <testcase classname="org.jnorthr.menus.support.TestColorManager" name="test3" time="0.012" />
  <testcase classname="org.jnorthr.menus.support.TestColorManager" name="test4" time="0.0050" />
  <system-out><![CDATA[]]></system-out>
  <system-err><![CDATA[]]></system-err>
</testsuite>
