<?xml version="1.0" encoding="UTF-8"?>
<testsuite errors="0" failures="0" hostname="iMac.home" name="org.jnorthr.menus.TestMenuItem" tests="5" time="0.635" timestamp="2013-04-22T20:37:58">
  <properties />
  <testcase classname="org.jnorthr.menus.TestMenuItem" name="test1" time="0.261" />
  <testcase classname="org.jnorthr.menus.TestMenuItem" name="test2" time="0.034" />
  <testcase classname="org.jnorthr.menus.TestMenuItem" name="test3" time="0.032" />
  <testcase classname="org.jnorthr.menus.TestMenuItem" name="test4" time="0.0080" />
  <testcase classname="org.jnorthr.menus.TestMenuItem" name="test5" time="0.128" />
  <system-out><![CDATA[menuKey=2  menuBIC=0  menuColumn=2   menuLine=2  menuColor=<Red>  menuBold=<true>  menuItalics=<true>  menuHexColor=<128>  menuShow=<true>  menuText=<Fred>  menuCommand=<echo 'fred was here'>  dialogTitle=<this is a title>  menuFileName=<filename>
== the end ==
]]></system-out>
  <system-err><![CDATA[]]></system-err>
</testsuite>
