<?xml version="1.0" encoding="UTF-8"?>
<testsuite errors="0" failures="0" hostname="redapple.home" name="org.jnorthr.samples.LanguageTest" tests="2" time="0.036" timestamp="2013-04-21T22:28:17">
  <properties />
  <testcase classname="org.jnorthr.samples.LanguageTest" name="tomKnowsJavaAndGroovyNative" time="0.024" />
  <testcase classname="org.jnorthr.samples.LanguageTest" name="tomKnowsJavaAndGroovyHamcrest" time="0.0020" />
  <system-out><![CDATA[]]></system-out>
  <system-err><![CDATA[]]></system-err>
</testsuite>
