<?xml version="1.0" encoding="UTF-8"?>
<testsuite errors="0" failures="0" hostname="iMac.home" name="org.jnorthr.samples.LanguageTest" tests="2" time="0.183" timestamp="2013-04-20T16:36:13">
  <properties />
  <testcase classname="org.jnorthr.samples.LanguageTest" name="tomKnowsJavaAndGroovyNative" time="0.112" />
  <testcase classname="org.jnorthr.samples.LanguageTest" name="tomKnowsJavaAndGroovyHamcrest" time="0.0050" />
  <system-out><![CDATA[]]></system-out>
  <system-err><![CDATA[]]></system-err>
</testsuite>
