<?xml version="1.0" encoding="UTF-8"?>
<testsuite errors="0" failures="0" hostname="iMac.home" name="org.jnorthr.menus.TestMenuFile" tests="5" time="3.848" timestamp="2013-04-20T16:22:19">
  <properties />
  <testcase classname="org.jnorthr.menus.TestMenuFile" name="test1" time="0.32" />
  <testcase classname="org.jnorthr.menus.TestMenuFile" name="test2" time="0.659" />
  <testcase classname="org.jnorthr.menus.TestMenuFile" name="test3" time="0.032" />
  <testcase classname="org.jnorthr.menus.TestMenuFile" name="test4" time="0.033" />
  <testcase classname="org.jnorthr.menus.TestMenuFile" name="test5" time="0.032" />
  <system-out><![CDATA[file jim.txt exists
file jim.txt exists
file jim.txt exists
file ./jim.txt exists
]]></system-out>
  <system-err><![CDATA[Apr 20, 2013 6:22:22 PM java_util_logging_Logger$info call
INFO: ... started a test of TestMenuFile
Apr 20, 2013 6:22:22 PM java_util_logging_Logger$info call
INFO: ... MenuFile test1 ok
Apr 20, 2013 6:22:22 PM java_util_logging_Logger$info call
INFO: ... started a test of TestMenuFile
Apr 20, 2013 6:22:22 PM java_util_logging_Logger$info call
INFO: ... MenuFile test2 ok
Apr 20, 2013 6:22:22 PM java_util_logging_Logger$info call
INFO: ... started a test of TestMenuFile
Apr 20, 2013 6:22:22 PM java_util_logging_Logger$info call
INFO: ... MenuFile test3 ok
Apr 20, 2013 6:22:22 PM java_util_logging_Logger$info call
INFO: ... started a test of TestMenuFile
Apr 20, 2013 6:22:23 PM java_util_logging_Logger$info call
INFO: ... MenuFile test4 ok
Apr 20, 2013 6:22:23 PM java_util_logging_Logger$info call
INFO: ... started a test of TestMenuFile
Apr 20, 2013 6:22:23 PM java_util_logging_Logger$info call
INFO: ... MenuFile test5 ok
]]></system-err>
</testsuite>
