<?xml version="1.0" encoding="UTF-8"?>
<testsuite errors="0" failures="0" hostname="iMac.home" name="org.jnorthr.menus.support.TestColorManager" tests="4" time="1.307" timestamp="2013-04-17T17:12:22">
  <properties />
  <testcase classname="org.jnorthr.menus.support.TestColorManager" name="test1" time="0.852" />
  <testcase classname="org.jnorthr.menus.support.TestColorManager" name="test2" time="0.051" />
  <testcase classname="org.jnorthr.menus.support.TestColorManager" name="test3" time="0.216" />
  <testcase classname="org.jnorthr.menus.support.TestColorManager" name="test4" time="0.124" />
  <system-out><![CDATA[]]></system-out>
  <system-err><![CDATA[Apr 17, 2013 7:12:22 PM org.jnorthr.menus.support.TestColorManager setUp
INFO: ... started TestColorManager
Apr 17, 2013 7:12:23 PM org.jnorthr.menus.support.TestColorManager test1
INFO: ... test1 ok - not null and opaque=false
Apr 17, 2013 7:12:23 PM org.jnorthr.menus.support.TestColorManager setUp
INFO: ... started TestColorManager
Apr 17, 2013 7:12:23 PM org.jnorthr.menus.support.TestColorManager test2
INFO: ... test2 ok - not null
Apr 17, 2013 7:12:23 PM org.jnorthr.menus.support.TestColorManager setUp
INFO: ... started TestColorManager
Apr 17, 2013 7:12:24 PM org.jnorthr.menus.support.TestColorManager test3
INFO: ... test3 ok - 
Apr 17, 2013 7:12:24 PM org.jnorthr.menus.support.TestColorManager setUp
INFO: ... started TestColorManager
Apr 17, 2013 7:12:24 PM org.jnorthr.menus.support.TestColorManager test4
INFO: ... test4 ok - 
]]></system-err>
</testsuite>
